#
# There is insufficient memory for the Java Runtime Environment to continue.
# Native memory allocation (mmap) failed to map 65536 bytes for Failed to commit metaspace.
# Possible reasons:
#   The system is out of physical RAM or swap space
#   The process is running with CompressedOops enabled, and the Java Heap may be blocking the growth of the native heap
# Possible solutions:
#   Reduce memory load on the system
#   Increase physical memory or swap space
#   Check if swap backing store is full
#   Decrease Java heap size (-Xmx/-Xms)
#   Decrease number of Java threads
#   Decrease Java thread stack sizes (-Xss)
#   Set larger code cache with -XX:ReservedCodeCacheSize=
#   JVM is running with Zero Based Compressed Oops mode in which the Java heap is
#     placed in the first 32GB address space. The Java Heap base address is the
#     maximum limit for the native heap growth. Please use -XX:HeapBaseMinAddress
#     to set the Java Heap base and to place the Java Heap above 32GB virtual address.
# This output file may be truncated or incomplete.
#
#  Out of Memory Error (virtualSpaceNode.cpp:110), pid=20612, tid=14804
#
# JRE version: OpenJDK Runtime Environment (17.0.6) (build 17.0.6+0-b2043.56-10027231)
# Java VM: OpenJDK 64-Bit Server VM (17.0.6+0-b2043.56-10027231, mixed mode, tiered, compressed oops, compressed class ptrs, g1 gc, windows-amd64)
# No core dump will be written. Minidumps are not enabled by default on client versions of Windows
#

---------------  S U M M A R Y ------------

Command Line: git4idea.http.GitAskPassApp Password for 'https://github.com': 

Host: Intel(R) Core(TM) i5-10210U CPU @ 1.60GHz, 8 cores, 15G,  Windows 11 , 64 bit Build 22621 (10.0.22621.3374)
Time: Thu Apr 18 19:42:33 2024 RTZ 2 (s 11 , 64 bit Build 22621 (10.0.22621.3374) elapsed time: 0.262914 seconds (0d 0h 0m 0s)

---------------  T H R E A D  ---------------

Current thread (0x00000272d2a4fad0):  JavaThread "main" [_thread_in_vm, id=14804, stack(0x000000e1dc100000,0x000000e1dc200000)]

Stack: [0x000000e1dc100000,0x000000e1dc200000]
Native frames: (J=compiled Java code, j=interpreted, Vv=VM code, C=native code)
V  [jvm.dll+0x683c9a]
V  [jvm.dll+0x8427a4]
V  [jvm.dll+0x843f9e]
V  [jvm.dll+0x844603]
V  [jvm.dll+0x249b75]
V  [jvm.dll+0x83e7fb]
V  [jvm.dll+0x628006]
V  [jvm.dll+0x62806a]
V  [jvm.dll+0x62a87a]
V  [jvm.dll+0x6289a6]
V  [jvm.dll+0x23ef80]
V  [jvm.dll+0x1ee40d]
V  [jvm.dll+0x1e3dcc]
V  [jvm.dll+0x547fed]
V  [jvm.dll+0x1f46eb]
V  [jvm.dll+0x7bc7cb]
V  [jvm.dll+0x7bdc12]
V  [jvm.dll+0x7be3a9]
V  [jvm.dll+0x1eecf4]
V  [jvm.dll+0x1e3de5]
V  [jvm.dll+0x547fed]
V  [jvm.dll+0x1f46eb]
V  [jvm.dll+0x7bc7cb]
V  [jvm.dll+0x7bdc12]
V  [jvm.dll+0x7bdf48]
V  [jvm.dll+0x24190e]
V  [jvm.dll+0x38437e]
C  0x00000272dd45b704

Java frames: (J=compiled Java code, j=interpreted, Vv=VM code)
j  java.lang.invoke.InnerClassLambdaMetafactory.generateInnerClass()Ljava/lang/Class;+306 java.base@17.0.6
j  java.lang.invoke.InnerClassLambdaMetafactory.spinInnerClass()Ljava/lang/Class;+114 java.base@17.0.6
j  java.lang.invoke.InnerClassLambdaMetafactory.buildCallSite()Ljava/lang/invoke/CallSite;+1 java.base@17.0.6
j  java.lang.invoke.LambdaMetafactory.metafactory(Ljava/lang/invoke/MethodHandles$Lookup;Ljava/lang/String;Ljava/lang/invoke/MethodType;Ljava/lang/invoke/MethodType;Ljava/lang/invoke/MethodHandle;Ljava/lang/invoke/MethodType;)Ljava/lang/invoke/CallSite;+67 java.base@17.0.6
j  java.lang.invoke.DirectMethodHandle$Holder.invokeStatic(Ljava/lang/Object;Ljava/lang/Object;Ljava/lang/Object;Ljava/lang/Object;Ljava/lang/Object;Ljava/lang/Object;Ljava/lang/Object;)Ljava/lang/Object;+20 java.base@17.0.6
j  java.lang.invoke.Invokers$Holder.invokeExact_MT(Ljava/lang/Object;Ljava/lang/Object;Ljava/lang/Object;Ljava/lang/Object;Ljava/lang/Object;Ljava/lang/Object;Ljava/lang/Object;Ljava/lang/Object;)Ljava/lang/Object;+28 java.base@17.0.6
j  java.lang.invoke.BootstrapMethodInvoker.invoke(Ljava/lang/Class;Ljava/lang/invoke/MethodHandle;Ljava/lang/String;Ljava/lang/Object;Ljava/lang/Object;Ljava/lang/Class;)Ljava/lang/Object;+319 java.base@17.0.6
j  java.lang.invoke.CallSite.makeSite(Ljava/lang/invoke/MethodHandle;Ljava/lang/String;Ljava/lang/invoke/MethodType;Ljava/lang/Object;Ljava/lang/Class;)Ljava/lang/invoke/CallSite;+8 java.base@17.0.6
j  java.lang.invoke.MethodHandleNatives.linkCallSiteImpl(Ljava/lang/Class;Ljava/lang/invoke/MethodHandle;Ljava/lang/String;Ljava/lang/invoke/MethodType;Ljava/lang/Object;[Ljava/lang/Object;)Ljava/lang/invoke/MemberName;+6 java.base@17.0.6
j  java.lang.invoke.MethodHandleNatives.linkCallSite(Ljava/lang/Object;ILjava/lang/Object;Ljava/lang/Object;Ljava/lang/Object;Ljava/lang/Object;[Ljava/lang/Object;)Ljava/lang/invoke/MemberName;+46 java.base@17.0.6
v  ~StubRoutines::call_stub
j  sun.util.cldr.CLDRLocaleProviderAdapter.<init>()V+4 java.base@17.0.6
v  ~StubRoutines::call_stub
j  jdk.internal.reflect.NativeConstructorAccessorImpl.newInstance0(Ljava/lang/reflect/Constructor;[Ljava/lang/Object;)Ljava/lang/Object;+0 java.base@17.0.6
j  jdk.internal.reflect.NativeConstructorAccessorImpl.newInstance([Ljava/lang/Object;)Ljava/lang/Object;+118 java.base@17.0.6
j  jdk.internal.reflect.DelegatingConstructorAccessorImpl.newInstance([Ljava/lang/Object;)Ljava/lang/Object;+5 java.base@17.0.6
j  java.lang.reflect.Constructor.newInstanceWithCaller([Ljava/lang/Object;ZLjava/lang/Class;)Ljava/lang/Object;+65 java.base@17.0.6
j  java.lang.reflect.Constructor.newInstance([Ljava/lang/Object;)Ljava/lang/Object;+30 java.base@17.0.6
j  sun.util.locale.provider.LocaleProviderAdapter.forType(Lsun/util/locale/provider/LocaleProviderAdapter$Type;)Lsun/util/locale/provider/LocaleProviderAdapter;+79 java.base@17.0.6
j  sun.util.locale.provider.LocaleProviderAdapter.findAdapter(Ljava/lang/Class;Ljava/util/Locale;)Lsun/util/locale/provider/LocaleProviderAdapter;+29 java.base@17.0.6
j  sun.util.locale.provider.LocaleProviderAdapter.getAdapter(Ljava/lang/Class;Ljava/util/Locale;)Lsun/util/locale/provider/LocaleProviderAdapter;+55 java.base@17.0.6
j  java.util.Calendar.createCalendar(Ljava/util/TimeZone;Ljava/util/Locale;)Ljava/util/Calendar;+3 java.base@17.0.6
j  java.util.Calendar.getInstance(Ljava/util/Locale;)Ljava/util/Calendar;+5 java.base@17.0.6
j  java.text.SimpleDateFormat.initializeCalendar(Ljava/util/Locale;)V+27 java.base@17.0.6
j  java.text.SimpleDateFormat.<init>(Ljava/lang/String;Ljava/util/Locale;)V+43 java.base@17.0.6
j  java.text.SimpleDateFormat.<init>(Ljava/lang/String;)V+8 java.base@17.0.6
j  org.apache.xmlrpc.util.DateTool.<init>()V+11
j  org.apache.xmlrpc.DefaultTypeFactory.<clinit>()V+4
v  ~StubRoutines::call_stub
j  org.apache.xmlrpc.XmlRpc.createTypeFactory(Ljava/lang/String;)Lorg/apache/xmlrpc/TypeFactory;+94
j  org.apache.xmlrpc.XmlRpc.<init>()V+107
j  org.apache.xmlrpc.XmlRpcClientResponseProcessor.<init>(Ljava/util/TimeZone;)V+1
j  org.apache.xmlrpc.XmlRpcClientWorker.<init>(Ljava/util/TimeZone;)V+14
j  org.apache.xmlrpc.XmlRpcClient.getWorker(Z)Lorg/apache/xmlrpc/XmlRpcClientWorker;+87
j  org.apache.xmlrpc.XmlRpcClient.execute(Lorg/apache/xmlrpc/XmlRpcClientRequest;Lorg/apache/xmlrpc/XmlRpcTransport;)Ljava/lang/Object;+2
j  org.apache.xmlrpc.XmlRpcClient.execute(Lorg/apache/xmlrpc/XmlRpcClientRequest;)Ljava/lang/Object;+6
j  org.apache.xmlrpc.XmlRpcClient.execute(Ljava/lang/String;Ljava/util/Vector;)Ljava/lang/Object;+63
j  externalApp.ExternalAppUtil.sendXmlRequest(Ljava/lang/String;I[Ljava/lang/Object;)Ljava/lang/Object;+28
j  git4idea.http.GitAskPassApp.main([Ljava/lang/String;)V+46
v  ~StubRoutines::call_stub

---------------  P R O C E S S  ---------------

Threads class SMR info:
_java_thread_list=0x00000272f1e02b30, length=12, elements={
0x00000272d2a4fad0, 0x00000272f1c4a300, 0x00000272f1c4b620, 0x00000272f1ca8380,
0x00000272f1ca8ff0, 0x00000272f1ca99a0, 0x00000272f1c9df80, 0x00000272f1cae950,
0x00000272f1caf250, 0x00000272f1cb5060, 0x00000272f1e25bf0, 0x00000272f1e2e280
}

Java Threads: ( => current thread )
=>0x00000272d2a4fad0 JavaThread "main" [_thread_in_vm, id=14804, stack(0x000000e1dc100000,0x000000e1dc200000)]
  0x00000272f1c4a300 JavaThread "Reference Handler" daemon [_thread_blocked, id=12404, stack(0x000000e1dc800000,0x000000e1dc900000)]
  0x00000272f1c4b620 JavaThread "Finalizer" daemon [_thread_blocked, id=17612, stack(0x000000e1dc900000,0x000000e1dca00000)]
  0x00000272f1ca8380 JavaThread "Signal Dispatcher" daemon [_thread_blocked, id=15668, stack(0x000000e1dca00000,0x000000e1dcb00000)]
  0x00000272f1ca8ff0 JavaThread "Attach Listener" daemon [_thread_blocked, id=9112, stack(0x000000e1dcb00000,0x000000e1dcc00000)]
  0x00000272f1ca99a0 JavaThread "Service Thread" daemon [_thread_blocked, id=10204, stack(0x000000e1dcc00000,0x000000e1dcd00000)]
  0x00000272f1c9df80 JavaThread "Monitor Deflation Thread" daemon [_thread_blocked, id=14920, stack(0x000000e1dcd00000,0x000000e1dce00000)]
  0x00000272f1cae950 JavaThread "C2 CompilerThread0" daemon [_thread_in_native, id=8376, stack(0x000000e1dce00000,0x000000e1dcf00000)]
  0x00000272f1caf250 JavaThread "C1 CompilerThread0" daemon [_thread_blocked, id=7272, stack(0x000000e1dcf00000,0x000000e1dd000000)]
  0x00000272f1cb5060 JavaThread "Sweeper thread" daemon [_thread_blocked, id=18840, stack(0x000000e1dd000000,0x000000e1dd100000)]
  0x00000272f1e25bf0 JavaThread "Notification Thread" daemon [_thread_blocked, id=9756, stack(0x000000e1dd100000,0x000000e1dd200000)]
  0x00000272f1e2e280 JavaThread "Common-Cleaner" daemon [_thread_blocked, id=2836, stack(0x000000e1dd300000,0x000000e1dd400000)]

Other Threads:
  0x00000272f1c47040 VMThread "VM Thread" [stack: 0x000000e1dc700000,0x000000e1dc800000] [id=4316]
  0x00000272d2ad55d0 WatcherThread [stack: 0x000000e1dd200000,0x000000e1dd300000] [id=5972]
  0x00000272d2abb4a0 GCTaskThread "GC Thread#0" [stack: 0x000000e1dc200000,0x000000e1dc300000] [id=16832]
  0x00000272d2acd170 ConcurrentGCThread "G1 Main Marker" [stack: 0x000000e1dc300000,0x000000e1dc400000] [id=8664]
  0x00000272d2acdb80 ConcurrentGCThread "G1 Conc#0" [stack: 0x000000e1dc400000,0x000000e1dc500000] [id=15832]
  0x00000272d2b0eb70 ConcurrentGCThread "G1 Refine#0" [stack: 0x000000e1dc500000,0x000000e1dc600000] [id=17960]
  0x00000272f11e8a60 ConcurrentGCThread "G1 Service" [stack: 0x000000e1dc600000,0x000000e1dc700000] [id=3324]

Threads with active compile tasks:
C2 CompilerThread0      282  167       4       java.util.zip.ZipFile$Source::initCEN (591 bytes)

VM state: not at safepoint (normal execution)

VM Mutex/Monitor currently owned by a thread:  ([mutex/lock_event])
[0x00000272d2a3cc20] Metaspace_lock - owner thread: 0x00000272d2a4fad0

Heap address: 0x0000000702800000, size: 4056 MB, Compressed Oops mode: Zero based, Oop shift amount: 3

CDS archive(s) not mapped
Compressed class space mapped at: 0x0000000800000000-0x0000000840000000, reserved size: 1073741824
Narrow klass base: 0x0000000800000000, Narrow klass shift: 0, Narrow klass range: 0x40000000

GC Precious Log:
 CPUs: 8 total, 8 available
 Memory: 16217M
 Large Page Support: Disabled
 NUMA Support: Disabled
 Compressed Oops: Enabled (Zero based)
 Heap Region Size: 2M
 Heap Min Capacity: 8M
 Heap Initial Capacity: 254M
 Heap Max Capacity: 4056M
 Pre-touch: Disabled
 Parallel Workers: 8
 Concurrent Workers: 2
 Concurrent Refinement Workers: 8
 Periodic GC: Disabled

Heap:
 garbage-first heap   total 260096K, used 20480K [0x0000000702800000, 0x0000000800000000)
  region size 2048K, 2 young (4096K), 0 survivors (0K)
 Metaspace       used 6863K, committed 6976K, reserved 1056768K
  class space    used 599K, committed 704K, reserved 1048576K

Heap Regions: E=young(eden), S=young(survivor), O=old, HS=humongous(starts), HC=humongous(continues), CS=collection set, F=free, OA=open archive, CA=closed archive, TAMS=top-at-mark-start (previous, next)
|   0|0x0000000702800000, 0x0000000702a00000, 0x0000000702a00000|100%|HS|  |TAMS 0x0000000702800000, 0x0000000702800000| Complete 
|   1|0x0000000702a00000, 0x0000000702c00000, 0x0000000702c00000|100%|HC|  |TAMS 0x0000000702a00000, 0x0000000702a00000| Complete 
|   2|0x0000000702c00000, 0x0000000702e00000, 0x0000000702e00000|100%|HC|  |TAMS 0x0000000702c00000, 0x0000000702c00000| Complete 
|   3|0x0000000702e00000, 0x0000000703000000, 0x0000000703000000|100%|HC|  |TAMS 0x0000000702e00000, 0x0000000702e00000| Complete 
|   4|0x0000000703000000, 0x0000000703200000, 0x0000000703200000|100%|HC|  |TAMS 0x0000000703000000, 0x0000000703000000| Complete 
|   5|0x0000000703200000, 0x0000000703400000, 0x0000000703400000|100%|HC|  |TAMS 0x0000000703200000, 0x0000000703200000| Complete 
|   6|0x0000000703400000, 0x0000000703600000, 0x0000000703600000|100%|HS|  |TAMS 0x0000000703400000, 0x0000000703400000| Complete 
|   7|0x0000000703600000, 0x0000000703800000, 0x0000000703800000|100%|HS|  |TAMS 0x0000000703600000, 0x0000000703600000| Complete 
|   8|0x0000000703800000, 0x0000000703a00000, 0x0000000703a00000|100%|HC|  |TAMS 0x0000000703800000, 0x0000000703800000| Complete 
|   9|0x0000000703a00000, 0x0000000703a00000, 0x0000000703c00000|  0%| F|  |TAMS 0x0000000703a00000, 0x0000000703a00000| Untracked 
|  10|0x0000000703c00000, 0x0000000703c00000, 0x0000000703e00000|  0%| F|  |TAMS 0x0000000703c00000, 0x0000000703c00000| Untracked 
|  11|0x0000000703e00000, 0x0000000703e00000, 0x0000000704000000|  0%| F|  |TAMS 0x0000000703e00000, 0x0000000703e00000| Untracked 
|  12|0x0000000704000000, 0x0000000704000000, 0x0000000704200000|  0%| F|  |TAMS 0x0000000704000000, 0x0000000704000000| Untracked 
|  13|0x0000000704200000, 0x0000000704200000, 0x0000000704400000|  0%| F|  |TAMS 0x0000000704200000, 0x0000000704200000| Untracked 
|  14|0x0000000704400000, 0x0000000704400000, 0x0000000704600000|  0%| F|  |TAMS 0x0000000704400000, 0x0000000704400000| Untracked 
|  15|0x0000000704600000, 0x0000000704600000, 0x0000000704800000|  0%| F|  |TAMS 0x0000000704600000, 0x0000000704600000| Untracked 
|  16|0x0000000704800000, 0x0000000704800000, 0x0000000704a00000|  0%| F|  |TAMS 0x0000000704800000, 0x0000000704800000| Untracked 
|  17|0x0000000704a00000, 0x0000000704a00000, 0x0000000704c00000|  0%| F|  |TAMS 0x0000000704a00000, 0x0000000704a00000| Untracked 
|  18|0x0000000704c00000, 0x0000000704c00000, 0x0000000704e00000|  0%| F|  |TAMS 0x0000000704c00000, 0x0000000704c00000| Untracked 
|  19|0x0000000704e00000, 0x0000000704e00000, 0x0000000705000000|  0%| F|  |TAMS 0x0000000704e00000, 0x0000000704e00000| Untracked 
|  20|0x0000000705000000, 0x0000000705000000, 0x0000000705200000|  0%| F|  |TAMS 0x0000000705000000, 0x0000000705000000| Untracked 
|  21|0x0000000705200000, 0x0000000705200000, 0x0000000705400000|  0%| F|  |TAMS 0x0000000705200000, 0x0000000705200000| Untracked 
|  22|0x0000000705400000, 0x0000000705400000, 0x0000000705600000|  0%| F|  |TAMS 0x0000000705400000, 0x0000000705400000| Untracked 
|  23|0x0000000705600000, 0x0000000705600000, 0x0000000705800000|  0%| F|  |TAMS 0x0000000705600000, 0x0000000705600000| Untracked 
|  24|0x0000000705800000, 0x0000000705800000, 0x0000000705a00000|  0%| F|  |TAMS 0x0000000705800000, 0x0000000705800000| Untracked 
|  25|0x0000000705a00000, 0x0000000705a00000, 0x0000000705c00000|  0%| F|  |TAMS 0x0000000705a00000, 0x0000000705a00000| Untracked 
|  26|0x0000000705c00000, 0x0000000705c00000, 0x0000000705e00000|  0%| F|  |TAMS 0x0000000705c00000, 0x0000000705c00000| Untracked 
|  27|0x0000000705e00000, 0x0000000705e00000, 0x0000000706000000|  0%| F|  |TAMS 0x0000000705e00000, 0x0000000705e00000| Untracked 
|  28|0x0000000706000000, 0x0000000706000000, 0x0000000706200000|  0%| F|  |TAMS 0x0000000706000000, 0x0000000706000000| Untracked 
|  29|0x0000000706200000, 0x0000000706200000, 0x0000000706400000|  0%| F|  |TAMS 0x0000000706200000, 0x0000000706200000| Untracked 
|  30|0x0000000706400000, 0x0000000706400000, 0x0000000706600000|  0%| F|  |TAMS 0x0000000706400000, 0x0000000706400000| Untracked 
|  31|0x0000000706600000, 0x0000000706600000, 0x0000000706800000|  0%| F|  |TAMS 0x0000000706600000, 0x0000000706600000| Untracked 
|  32|0x0000000706800000, 0x0000000706800000, 0x0000000706a00000|  0%| F|  |TAMS 0x0000000706800000, 0x0000000706800000| Untracked 
|  33|0x0000000706a00000, 0x0000000706a00000, 0x0000000706c00000|  0%| F|  |TAMS 0x0000000706a00000, 0x0000000706a00000| Untracked 
|  34|0x0000000706c00000, 0x0000000706c00000, 0x0000000706e00000|  0%| F|  |TAMS 0x0000000706c00000, 0x0000000706c00000| Untracked 
|  35|0x0000000706e00000, 0x0000000706e00000, 0x0000000707000000|  0%| F|  |TAMS 0x0000000706e00000, 0x0000000706e00000| Untracked 
|  36|0x0000000707000000, 0x0000000707000000, 0x0000000707200000|  0%| F|  |TAMS 0x0000000707000000, 0x0000000707000000| Untracked 
|  37|0x0000000707200000, 0x0000000707200000, 0x0000000707400000|  0%| F|  |TAMS 0x0000000707200000, 0x0000000707200000| Untracked 
|  38|0x0000000707400000, 0x0000000707400000, 0x0000000707600000|  0%| F|  |TAMS 0x0000000707400000, 0x0000000707400000| Untracked 
|  39|0x0000000707600000, 0x0000000707600000, 0x0000000707800000|  0%| F|  |TAMS 0x0000000707600000, 0x0000000707600000| Untracked 
|  40|0x0000000707800000, 0x0000000707800000, 0x0000000707a00000|  0%| F|  |TAMS 0x0000000707800000, 0x0000000707800000| Untracked 
|  41|0x0000000707a00000, 0x0000000707a00000, 0x0000000707c00000|  0%| F|  |TAMS 0x0000000707a00000, 0x0000000707a00000| Untracked 
|  42|0x0000000707c00000, 0x0000000707c00000, 0x0000000707e00000|  0%| F|  |TAMS 0x0000000707c00000, 0x0000000707c00000| Untracked 
|  43|0x0000000707e00000, 0x0000000707e00000, 0x0000000708000000|  0%| F|  |TAMS 0x0000000707e00000, 0x0000000707e00000| Untracked 
|  44|0x0000000708000000, 0x0000000708000000, 0x0000000708200000|  0%| F|  |TAMS 0x0000000708000000, 0x0000000708000000| Untracked 
|  45|0x0000000708200000, 0x0000000708200000, 0x0000000708400000|  0%| F|  |TAMS 0x0000000708200000, 0x0000000708200000| Untracked 
|  46|0x0000000708400000, 0x0000000708400000, 0x0000000708600000|  0%| F|  |TAMS 0x0000000708400000, 0x0000000708400000| Untracked 
|  47|0x0000000708600000, 0x0000000708600000, 0x0000000708800000|  0%| F|  |TAMS 0x0000000708600000, 0x0000000708600000| Untracked 
|  48|0x0000000708800000, 0x0000000708800000, 0x0000000708a00000|  0%| F|  |TAMS 0x0000000708800000, 0x0000000708800000| Untracked 
|  49|0x0000000708a00000, 0x0000000708a00000, 0x0000000708c00000|  0%| F|  |TAMS 0x0000000708a00000, 0x0000000708a00000| Untracked 
|  50|0x0000000708c00000, 0x0000000708c00000, 0x0000000708e00000|  0%| F|  |TAMS 0x0000000708c00000, 0x0000000708c00000| Untracked 
|  51|0x0000000708e00000, 0x0000000708e00000, 0x0000000709000000|  0%| F|  |TAMS 0x0000000708e00000, 0x0000000708e00000| Untracked 
|  52|0x0000000709000000, 0x0000000709000000, 0x0000000709200000|  0%| F|  |TAMS 0x0000000709000000, 0x0000000709000000| Untracked 
|  53|0x0000000709200000, 0x0000000709200000, 0x0000000709400000|  0%| F|  |TAMS 0x0000000709200000, 0x0000000709200000| Untracked 
|  54|0x0000000709400000, 0x0000000709400000, 0x0000000709600000|  0%| F|  |TAMS 0x0000000709400000, 0x0000000709400000| Untracked 
|  55|0x0000000709600000, 0x0000000709600000, 0x0000000709800000|  0%| F|  |TAMS 0x0000000709600000, 0x0000000709600000| Untracked 
|  56|0x0000000709800000, 0x0000000709800000, 0x0000000709a00000|  0%| F|  |TAMS 0x0000000709800000, 0x0000000709800000| Untracked 
|  57|0x0000000709a00000, 0x0000000709a00000, 0x0000000709c00000|  0%| F|  |TAMS 0x0000000709a00000, 0x0000000709a00000| Untracked 
|  58|0x0000000709c00000, 0x0000000709c00000, 0x0000000709e00000|  0%| F|  |TAMS 0x0000000709c00000, 0x0000000709c00000| Untracked 
|  59|0x0000000709e00000, 0x0000000709e00000, 0x000000070a000000|  0%| F|  |TAMS 0x0000000709e00000, 0x0000000709e00000| Untracked 
|  60|0x000000070a000000, 0x000000070a000000, 0x000000070a200000|  0%| F|  |TAMS 0x000000070a000000, 0x000000070a000000| Untracked 
|  61|0x000000070a200000, 0x000000070a200000, 0x000000070a400000|  0%| F|  |TAMS 0x000000070a200000, 0x000000070a200000| Untracked 
|  62|0x000000070a400000, 0x000000070a400000, 0x000000070a600000|  0%| F|  |TAMS 0x000000070a400000, 0x000000070a400000| Untracked 
|  63|0x000000070a600000, 0x000000070a600000, 0x000000070a800000|  0%| F|  |TAMS 0x000000070a600000, 0x000000070a600000| Untracked 
|  64|0x000000070a800000, 0x000000070a800000, 0x000000070aa00000|  0%| F|  |TAMS 0x000000070a800000, 0x000000070a800000| Untracked 
|  65|0x000000070aa00000, 0x000000070aa00000, 0x000000070ac00000|  0%| F|  |TAMS 0x000000070aa00000, 0x000000070aa00000| Untracked 
|  66|0x000000070ac00000, 0x000000070ac00000, 0x000000070ae00000|  0%| F|  |TAMS 0x000000070ac00000, 0x000000070ac00000| Untracked 
|  67|0x000000070ae00000, 0x000000070ae00000, 0x000000070b000000|  0%| F|  |TAMS 0x000000070ae00000, 0x000000070ae00000| Untracked 
|  68|0x000000070b000000, 0x000000070b000000, 0x000000070b200000|  0%| F|  |TAMS 0x000000070b000000, 0x000000070b000000| Untracked 
|  69|0x000000070b200000, 0x000000070b200000, 0x000000070b400000|  0%| F|  |TAMS 0x000000070b200000, 0x000000070b200000| Untracked 
|  70|0x000000070b400000, 0x000000070b400000, 0x000000070b600000|  0%| F|  |TAMS 0x000000070b400000, 0x000000070b400000| Untracked 
|  71|0x000000070b600000, 0x000000070b600000, 0x000000070b800000|  0%| F|  |TAMS 0x000000070b600000, 0x000000070b600000| Untracked 
|  72|0x000000070b800000, 0x000000070b800000, 0x000000070ba00000|  0%| F|  |TAMS 0x000000070b800000, 0x000000070b800000| Untracked 
|  73|0x000000070ba00000, 0x000000070ba00000, 0x000000070bc00000|  0%| F|  |TAMS 0x000000070ba00000, 0x000000070ba00000| Untracked 
|  74|0x000000070bc00000, 0x000000070bc00000, 0x000000070be00000|  0%| F|  |TAMS 0x000000070bc00000, 0x000000070bc00000| Untracked 
|  75|0x000000070be00000, 0x000000070be00000, 0x000000070c000000|  0%| F|  |TAMS 0x000000070be00000, 0x000000070be00000| Untracked 
|  76|0x000000070c000000, 0x000000070c000000, 0x000000070c200000|  0%| F|  |TAMS 0x000000070c000000, 0x000000070c000000| Untracked 
|  77|0x000000070c200000, 0x000000070c200000, 0x000000070c400000|  0%| F|  |TAMS 0x000000070c200000, 0x000000070c200000| Untracked 
|  78|0x000000070c400000, 0x000000070c400000, 0x000000070c600000|  0%| F|  |TAMS 0x000000070c400000, 0x000000070c400000| Untracked 
|  79|0x000000070c600000, 0x000000070c600000, 0x000000070c800000|  0%| F|  |TAMS 0x000000070c600000, 0x000000070c600000| Untracked 
|  80|0x000000070c800000, 0x000000070c800000, 0x000000070ca00000|  0%| F|  |TAMS 0x000000070c800000, 0x000000070c800000| Untracked 
|  81|0x000000070ca00000, 0x000000070ca00000, 0x000000070cc00000|  0%| F|  |TAMS 0x000000070ca00000, 0x000000070ca00000| Untracked 
|  82|0x000000070cc00000, 0x000000070cc00000, 0x000000070ce00000|  0%| F|  |TAMS 0x000000070cc00000, 0x000000070cc00000| Untracked 
|  83|0x000000070ce00000, 0x000000070ce00000, 0x000000070d000000|  0%| F|  |TAMS 0x000000070ce00000, 0x000000070ce00000| Untracked 
|  84|0x000000070d000000, 0x000000070d000000, 0x000000070d200000|  0%| F|  |TAMS 0x000000070d000000, 0x000000070d000000| Untracked 
|  85|0x000000070d200000, 0x000000070d200000, 0x000000070d400000|  0%| F|  |TAMS 0x000000070d200000, 0x000000070d200000| Untracked 
|  86|0x000000070d400000, 0x000000070d400000, 0x000000070d600000|  0%| F|  |TAMS 0x000000070d400000, 0x000000070d400000| Untracked 
|  87|0x000000070d600000, 0x000000070d600000, 0x000000070d800000|  0%| F|  |TAMS 0x000000070d600000, 0x000000070d600000| Untracked 
|  88|0x000000070d800000, 0x000000070d800000, 0x000000070da00000|  0%| F|  |TAMS 0x000000070d800000, 0x000000070d800000| Untracked 
|  89|0x000000070da00000, 0x000000070da00000, 0x000000070dc00000|  0%| F|  |TAMS 0x000000070da00000, 0x000000070da00000| Untracked 
|  90|0x000000070dc00000, 0x000000070dc00000, 0x000000070de00000|  0%| F|  |TAMS 0x000000070dc00000, 0x000000070dc00000| Untracked 
|  91|0x000000070de00000, 0x000000070de00000, 0x000000070e000000|  0%| F|  |TAMS 0x000000070de00000, 0x000000070de00000| Untracked 
|  92|0x000000070e000000, 0x000000070e000000, 0x000000070e200000|  0%| F|  |TAMS 0x000000070e000000, 0x000000070e000000| Untracked 
|  93|0x000000070e200000, 0x000000070e200000, 0x000000070e400000|  0%| F|  |TAMS 0x000000070e200000, 0x000000070e200000| Untracked 
|  94|0x000000070e400000, 0x000000070e400000, 0x000000070e600000|  0%| F|  |TAMS 0x000000070e400000, 0x000000070e400000| Untracked 
|  95|0x000000070e600000, 0x000000070e600000, 0x000000070e800000|  0%| F|  |TAMS 0x000000070e600000, 0x000000070e600000| Untracked 
|  96|0x000000070e800000, 0x000000070e800000, 0x000000070ea00000|  0%| F|  |TAMS 0x000000070e800000, 0x000000070e800000| Untracked 
|  97|0x000000070ea00000, 0x000000070ea00000, 0x000000070ec00000|  0%| F|  |TAMS 0x000000070ea00000, 0x000000070ea00000| Untracked 
|  98|0x000000070ec00000, 0x000000070ec00000, 0x000000070ee00000|  0%| F|  |TAMS 0x000000070ec00000, 0x000000070ec00000| Untracked 
|  99|0x000000070ee00000, 0x000000070ee00000, 0x000000070f000000|  0%| F|  |TAMS 0x000000070ee00000, 0x000000070ee00000| Untracked 
| 100|0x000000070f000000, 0x000000070f000000, 0x000000070f200000|  0%| F|  |TAMS 0x000000070f000000, 0x000000070f000000| Untracked 
| 101|0x000000070f200000, 0x000000070f200000, 0x000000070f400000|  0%| F|  |TAMS 0x000000070f200000, 0x000000070f200000| Untracked 
| 102|0x000000070f400000, 0x000000070f400000, 0x000000070f600000|  0%| F|  |TAMS 0x000000070f400000, 0x000000070f400000| Untracked 
| 103|0x000000070f600000, 0x000000070f600000, 0x000000070f800000|  0%| F|  |TAMS 0x000000070f600000, 0x000000070f600000| Untracked 
| 104|0x000000070f800000, 0x000000070f800000, 0x000000070fa00000|  0%| F|  |TAMS 0x000000070f800000, 0x000000070f800000| Untracked 
| 105|0x000000070fa00000, 0x000000070fa00000, 0x000000070fc00000|  0%| F|  |TAMS 0x000000070fa00000, 0x000000070fa00000| Untracked 
| 106|0x000000070fc00000, 0x000000070fc00000, 0x000000070fe00000|  0%| F|  |TAMS 0x000000070fc00000, 0x000000070fc00000| Untracked 
| 107|0x000000070fe00000, 0x000000070fe00000, 0x0000000710000000|  0%| F|  |TAMS 0x000000070fe00000, 0x000000070fe00000| Untracked 
| 108|0x0000000710000000, 0x0000000710000000, 0x0000000710200000|  0%| F|  |TAMS 0x0000000710000000, 0x0000000710000000| Untracked 
| 109|0x0000000710200000, 0x0000000710200000, 0x0000000710400000|  0%| F|  |TAMS 0x0000000710200000, 0x0000000710200000| Untracked 
| 110|0x0000000710400000, 0x0000000710400000, 0x0000000710600000|  0%| F|  |TAMS 0x0000000710400000, 0x0000000710400000| Untracked 
| 111|0x0000000710600000, 0x0000000710600000, 0x0000000710800000|  0%| F|  |TAMS 0x0000000710600000, 0x0000000710600000| Untracked 
| 112|0x0000000710800000, 0x0000000710800000, 0x0000000710a00000|  0%| F|  |TAMS 0x0000000710800000, 0x0000000710800000| Untracked 
| 113|0x0000000710a00000, 0x0000000710a00000, 0x0000000710c00000|  0%| F|  |TAMS 0x0000000710a00000, 0x0000000710a00000| Untracked 
| 114|0x0000000710c00000, 0x0000000710c00000, 0x0000000710e00000|  0%| F|  |TAMS 0x0000000710c00000, 0x0000000710c00000| Untracked 
| 115|0x0000000710e00000, 0x0000000710e00000, 0x0000000711000000|  0%| F|  |TAMS 0x0000000710e00000, 0x0000000710e00000| Untracked 
| 116|0x0000000711000000, 0x0000000711000000, 0x0000000711200000|  0%| F|  |TAMS 0x0000000711000000, 0x0000000711000000| Untracked 
| 117|0x0000000711200000, 0x0000000711200000, 0x0000000711400000|  0%| F|  |TAMS 0x0000000711200000, 0x0000000711200000| Untracked 
| 118|0x0000000711400000, 0x0000000711400000, 0x0000000711600000|  0%| F|  |TAMS 0x0000000711400000, 0x0000000711400000| Untracked 
| 119|0x0000000711600000, 0x0000000711600000, 0x0000000711800000|  0%| F|  |TAMS 0x0000000711600000, 0x0000000711600000| Untracked 
| 120|0x0000000711800000, 0x0000000711800000, 0x0000000711a00000|  0%| F|  |TAMS 0x0000000711800000, 0x0000000711800000| Untracked 
| 121|0x0000000711a00000, 0x0000000711a00000, 0x0000000711c00000|  0%| F|  |TAMS 0x0000000711a00000, 0x0000000711a00000| Untracked 
| 122|0x0000000711c00000, 0x0000000711c00000, 0x0000000711e00000|  0%| F|  |TAMS 0x0000000711c00000, 0x0000000711c00000| Untracked 
| 123|0x0000000711e00000, 0x0000000711e00000, 0x0000000712000000|  0%| F|  |TAMS 0x0000000711e00000, 0x0000000711e00000| Untracked 
| 124|0x0000000712000000, 0x0000000712000000, 0x0000000712200000|  0%| F|  |TAMS 0x0000000712000000, 0x0000000712000000| Untracked 
| 125|0x0000000712200000, 0x00000007122a9848, 0x0000000712400000| 33%| E|  |TAMS 0x0000000712200000, 0x0000000712200000| Complete 
| 126|0x0000000712400000, 0x0000000712600000, 0x0000000712600000|100%| E|CS|TAMS 0x0000000712400000, 0x0000000712400000| Complete 

Card table byte_map: [0x00000272e5a30000,0x00000272e6220000] _byte_map_base: 0x00000272e221c000

Marking Bits (Prev, Next): (CMBitMap*) 0x00000272d2abbab0, (CMBitMap*) 0x00000272d2abbaf0
 Prev Bits: [0x00000272e6a10000, 0x00000272ea970000)
 Next Bits: [0x00000272ea970000, 0x00000272ee8d0000)

Polling page: 0x00000272d09a0000

Metaspace:

Usage:
  Non-class:      6.12 MB used.
      Class:    599.02 KB used.
       Both:      6.70 MB used.

Virtual space:
  Non-class space:        8.00 MB reserved,       6.12 MB ( 77%) committed,  1 nodes.
      Class space:        1.00 GB reserved,     704.00 KB ( <1%) committed,  1 nodes.
             Both:        1.01 GB reserved,       6.81 MB ( <1%) committed. 

Chunk freelists:
   Non-Class:  1.00 MB
       Class:  3.23 MB
        Both:  4.23 MB

MaxMetaspaceSize: unlimited
CompressedClassSpaceSize: 1.00 GB
Initial GC threshold: 21.00 MB
Current GC threshold: 21.00 MB
CDS: off
MetaspaceReclaimPolicy: balanced
 - commit_granule_bytes: 65536.
 - commit_granule_words: 8192.
 - virtual_space_node_default_size: 1048576.
 - enlarge_chunks_in_place: 1.
 - new_chunks_are_fully_committed: 0.
 - uncommit_free_chunks: 1.
 - use_allocation_guard: 0.
 - handle_deallocations: 1.


Internal statistics:

num_allocs_failed_limit: 0.
num_arena_births: 6.
num_arena_deaths: 0.
num_vsnodes_births: 2.
num_vsnodes_deaths: 0.
num_space_committed: 109.
num_space_uncommitted: 0.
num_chunks_returned_to_freelist: 0.
num_chunks_taken_from_freelist: 30.
num_chunk_merges: 0.
num_chunk_splits: 13.
num_chunks_enlarged: 7.
num_purges: 0.
num_inconsistent_stats: 0.

CodeHeap 'non-profiled nmethods': size=120000Kb used=65Kb max_used=65Kb free=119934Kb
 bounds [0x00000272dd9e0000, 0x00000272ddc50000, 0x00000272e4f10000]
CodeHeap 'profiled nmethods': size=120000Kb used=303Kb max_used=303Kb free=119696Kb
 bounds [0x00000272d5f10000, 0x00000272d6180000, 0x00000272dd440000]
CodeHeap 'non-nmethods': size=5760Kb used=1100Kb max_used=1110Kb free=4659Kb
 bounds [0x00000272dd440000, 0x00000272dd6b0000, 0x00000272dd9e0000]
 total_blobs=574 nmethods=200 adapters=287
 compilation: enabled
              stopped_count=0, restarted_count=0
 full_count=0

Compilation events (20 events):
Event: 0.257 Thread 0x00000272f1caf250  183       3       java.lang.String::<init> (74 bytes)
Event: 0.257 Thread 0x00000272f1caf250 nmethod 183 0x00000272d5f58b90 code [0x00000272d5f58d60, 0x00000272d5f59198]
Event: 0.258 Thread 0x00000272f1caf250  184       3       java.lang.StringUTF16::compress (20 bytes)
Event: 0.258 Thread 0x00000272f1caf250 nmethod 184 0x00000272d5f59290 code [0x00000272d5f59440, 0x00000272d5f59688]
Event: 0.258 Thread 0x00000272f1caf250  185       3       java.lang.String::rangeCheck (9 bytes)
Event: 0.258 Thread 0x00000272f1caf250 nmethod 185 0x00000272d5f59790 code [0x00000272d5f59940, 0x00000272d5f59a68]
Event: 0.258 Thread 0x00000272f1caf250  186       3       java.lang.String::<init> (14 bytes)
Event: 0.258 Thread 0x00000272f1caf250 nmethod 186 0x00000272d5f59b10 code [0x00000272d5f59cc0, 0x00000272d5f59ed8]
Event: 0.258 Thread 0x00000272f1caf250  190       3       jdk.internal.util.Preconditions::checkFromIndexSize (25 bytes)
Event: 0.258 Thread 0x00000272f1caf250 nmethod 190 0x00000272d5f5a010 code [0x00000272d5f5a1c0, 0x00000272d5f5a388]
Event: 0.259 Thread 0x00000272f1caf250  193       3       sun.util.locale.LocaleUtils::isUpper (18 bytes)
Event: 0.260 Thread 0x00000272f1caf250 nmethod 193 0x00000272d5f5a490 code [0x00000272d5f5a620, 0x00000272d5f5a798]
Event: 0.260 Thread 0x00000272f1caf250  194   !   3       java.lang.ref.ReferenceQueue::poll (28 bytes)
Event: 0.260 Thread 0x00000272f1caf250 nmethod 194 0x00000272d5f5a810 code [0x00000272d5f5a9c0, 0x00000272d5f5ac48]
Event: 0.260 Thread 0x00000272f1caf250  195       1       sun.util.locale.BaseLocale::getLanguage (5 bytes)
Event: 0.260 Thread 0x00000272f1caf250 nmethod 195 0x00000272dd9ef410 code [0x00000272dd9ef5a0, 0x00000272dd9ef678]
Event: 0.260 Thread 0x00000272f1caf250  196       3       java.lang.invoke.MemberName::testFlags (16 bytes)
Event: 0.260 Thread 0x00000272f1caf250 nmethod 196 0x00000272d5f5ad90 code [0x00000272d5f5af20, 0x00000272d5f5b098]
Event: 0.260 Thread 0x00000272f1caf250  202       3       java.lang.invoke.MethodTypeForm::canonicalize (74 bytes)
Event: 0.261 Thread 0x00000272f1caf250 nmethod 202 0x00000272d5f5b110 code [0x00000272d5f5b340, 0x00000272d5f5ba38]

GC Heap History (0 events):
No events

Dll operation events (2 events):
Event: 0.015 Loaded shared library C:\Program Files\Android\Android Studio\jbr\bin\java.dll
Event: 0.216 Loaded shared library C:\Program Files\Android\Android Studio\jbr\bin\verify.dll

Deoptimization events (20 events):
Event: 0.178 Thread 0x00000272d2a4fad0 DEOPT PACKING pc=0x00000272dd9e51e8 sp=0x000000e1dc1fa4e0
Event: 0.178 Thread 0x00000272d2a4fad0 DEOPT UNPACKING pc=0x00000272dd4969a3 sp=0x000000e1dc1fa3a8 mode 2
Event: 0.178 Thread 0x00000272d2a4fad0 Uncommon trap: trap_request=0xffffff45 fr.pc=0x00000272dd9e4310 relative=0x0000000000000270
Event: 0.178 Thread 0x00000272d2a4fad0 Uncommon trap: reason=unstable_if action=reinterpret pc=0x00000272dd9e4310 method=java.util.zip.ZipCoder$UTF8ZipCoder.checkedHash([BII)I @ 75 c2
Event: 0.178 Thread 0x00000272d2a4fad0 DEOPT PACKING pc=0x00000272dd9e4310 sp=0x000000e1dc1fa410
Event: 0.178 Thread 0x00000272d2a4fad0 DEOPT UNPACKING pc=0x00000272dd4969a3 sp=0x000000e1dc1fa3a0 mode 2
Event: 0.178 Thread 0x00000272d2a4fad0 Uncommon trap: trap_request=0xffffff45 fr.pc=0x00000272dd9e5b88 relative=0x0000000000000168
Event: 0.178 Thread 0x00000272d2a4fad0 Uncommon trap: reason=unstable_if action=reinterpret pc=0x00000272dd9e5b88 method=java.util.zip.ZipFile$Source.isMetaName([BII)Z @ 15 c2
Event: 0.178 Thread 0x00000272d2a4fad0 DEOPT PACKING pc=0x00000272dd9e5b88 sp=0x000000e1dc1fa4f0
Event: 0.178 Thread 0x00000272d2a4fad0 DEOPT UNPACKING pc=0x00000272dd4969a3 sp=0x000000e1dc1fa480 mode 2
Event: 0.178 Thread 0x00000272d2a4fad0 Uncommon trap: trap_request=0xffffff45 fr.pc=0x00000272dd9e39d4 relative=0x00000000000002b4
Event: 0.178 Thread 0x00000272d2a4fad0 Uncommon trap: reason=unstable_if action=reinterpret pc=0x00000272dd9e39d4 method=java.util.zip.ZipCoder$UTF8ZipCoder.checkedHash([BII)I @ 75 c2
Event: 0.178 Thread 0x00000272d2a4fad0 DEOPT PACKING pc=0x00000272dd9e39d4 sp=0x000000e1dc1fa3f0
Event: 0.178 Thread 0x00000272d2a4fad0 DEOPT UNPACKING pc=0x00000272dd4969a3 sp=0x000000e1dc1fa3a0 mode 2
Event: 0.236 Thread 0x00000272d2a4fad0 DEOPT PACKING pc=0x00000272d5f3a34e sp=0x000000e1dc1fe010
Event: 0.236 Thread 0x00000272d2a4fad0 DEOPT UNPACKING pc=0x00000272dd497143 sp=0x000000e1dc1fd5a0 mode 0
Event: 0.237 Thread 0x00000272d2a4fad0 Uncommon trap: trap_request=0xffffff45 fr.pc=0x00000272dd9ea190 relative=0x0000000000001110
Event: 0.237 Thread 0x00000272d2a4fad0 Uncommon trap: reason=unstable_if action=reinterpret pc=0x00000272dd9ea190 method=java.util.zip.ZipFile$Source.initCEN(I)V @ 379 c2
Event: 0.237 Thread 0x00000272d2a4fad0 DEOPT PACKING pc=0x00000272dd9ea190 sp=0x000000e1dc1fe100
Event: 0.237 Thread 0x00000272d2a4fad0 DEOPT UNPACKING pc=0x00000272dd4969a3 sp=0x000000e1dc1fe0a8 mode 2

Classes unloaded (0 events):
No events

Classes redefined (0 events):
No events

Internal exceptions (0 events):
No events

VM Operations (6 events):
Event: 0.180 Executing VM operation: HandshakeAllThreads
Event: 0.180 Executing VM operation: HandshakeAllThreads done
Event: 0.180 Executing VM operation: HandshakeAllThreads
Event: 0.180 Executing VM operation: HandshakeAllThreads done
Event: 0.246 Executing VM operation: HandshakeAllThreads
Event: 0.246 Executing VM operation: HandshakeAllThreads done

Events (20 events):
Event: 0.260 loading class java/lang/invoke/LambdaMetafactory
Event: 0.260 loading class java/lang/invoke/LambdaMetafactory done
Event: 0.260 loading class java/lang/invoke/InnerClassLambdaMetafactory
Event: 0.261 loading class java/lang/invoke/AbstractValidatingLambdaMetafactory
Event: 0.261 loading class java/lang/invoke/AbstractValidatingLambdaMetafactory done
Event: 0.261 loading class java/lang/invoke/InnerClassLambdaMetafactory done
Event: 0.261 loading class sun/security/action/GetBooleanAction
Event: 0.261 loading class sun/security/action/GetBooleanAction done
Event: 0.261 loading class jdk/internal/org/objectweb/asm/Handle
Event: 0.261 loading class jdk/internal/org/objectweb/asm/Handle done
Event: 0.261 loading class jdk/internal/org/objectweb/asm/ConstantDynamic
Event: 0.261 loading class jdk/internal/org/objectweb/asm/ConstantDynamic done
Event: 0.261 loading class java/lang/invoke/InfoFromMemberName
Event: 0.261 loading class java/lang/invoke/MethodHandleInfo
Event: 0.261 loading class java/lang/invoke/MethodHandleInfo done
Event: 0.261 loading class java/lang/invoke/InfoFromMemberName done
Event: 0.262 loading class java/lang/invoke/LambdaProxyClassArchive
Event: 0.262 loading class java/lang/invoke/LambdaProxyClassArchive done
Event: 0.262 loading class java/lang/invoke/InnerClassLambdaMetafactory$ForwardingMethodGenerator
Event: 0.262 loading class java/lang/invoke/TypeConvertingMethodAdapter


Dynamic libraries:
0x00007ff64f6f0000 - 0x00007ff64f6fa000 	C:\Program Files\Android\Android Studio\jbr\bin\java.exe
0x00007ffd4a250000 - 0x00007ffd4a466000 	C:\Windows\SYSTEM32\ntdll.dll
0x00007ffd48990000 - 0x00007ffd48a54000 	C:\Windows\System32\KERNEL32.DLL
0x00007ffd47bd0000 - 0x00007ffd47f77000 	C:\Windows\System32\KERNELBASE.dll
0x00007ffd479f0000 - 0x00007ffd47b01000 	C:\Windows\System32\ucrtbase.dll
0x00007ffd3bdc0000 - 0x00007ffd3bdd7000 	C:\Program Files\Android\Android Studio\jbr\bin\jli.dll
0x00007ffd33d50000 - 0x00007ffd33d6b000 	C:\Program Files\Android\Android Studio\jbr\bin\VCRUNTIME140.dll
0x00007ffd49b50000 - 0x00007ffd49cfe000 	C:\Windows\System32\USER32.dll
0x00007ffd342b0000 - 0x00007ffd34543000 	C:\Windows\WinSxS\amd64_microsoft.windows.common-controls_6595b64144ccf1df_6.0.22621.3235_none_270f74e173860f98\COMCTL32.dll
0x00007ffd47920000 - 0x00007ffd47946000 	C:\Windows\System32\win32u.dll
0x00007ffd49180000 - 0x00007ffd49227000 	C:\Windows\System32\msvcrt.dll
0x00007ffd48cd0000 - 0x00007ffd48cf9000 	C:\Windows\System32\GDI32.dll
0x00007ffd475f0000 - 0x00007ffd47709000 	C:\Windows\System32\gdi32full.dll
0x00007ffd47710000 - 0x00007ffd477aa000 	C:\Windows\System32\msvcp_win.dll
0x00007ffd49230000 - 0x00007ffd49261000 	C:\Windows\System32\IMM32.DLL
0x00007ffd36b90000 - 0x00007ffd36b9c000 	C:\Program Files\Android\Android Studio\jbr\bin\vcruntime140_1.dll
0x00007ffcf8080000 - 0x00007ffcf810d000 	C:\Program Files\Android\Android Studio\jbr\bin\msvcp140.dll
0x00007ffcdad10000 - 0x00007ffcdb97e000 	C:\Program Files\Android\Android Studio\jbr\bin\server\jvm.dll
0x00007ffd48a70000 - 0x00007ffd48b22000 	C:\Windows\System32\ADVAPI32.dll
0x00007ffd48c20000 - 0x00007ffd48cc8000 	C:\Windows\System32\sechost.dll
0x00007ffd47950000 - 0x00007ffd47978000 	C:\Windows\System32\bcrypt.dll
0x00007ffd47f80000 - 0x00007ffd48095000 	C:\Windows\System32\RPCRT4.dll
0x00007ffd29d40000 - 0x00007ffd29d49000 	C:\Windows\SYSTEM32\WSOCK32.dll
0x00007ffd40b40000 - 0x00007ffd40b74000 	C:\Windows\SYSTEM32\WINMM.dll
0x00007ffd3ea40000 - 0x00007ffd3ea4a000 	C:\Windows\SYSTEM32\VERSION.dll
0x00007ffd48120000 - 0x00007ffd48191000 	C:\Windows\System32\WS2_32.dll
0x00007ffd465b0000 - 0x00007ffd465c8000 	C:\Windows\SYSTEM32\kernel.appcore.dll
0x00007ffd42b90000 - 0x00007ffd42b9a000 	C:\Program Files\Android\Android Studio\jbr\bin\jimage.dll
0x00007ffd33740000 - 0x00007ffd33973000 	C:\Windows\SYSTEM32\DBGHELP.DLL
0x00007ffd481a0000 - 0x00007ffd48528000 	C:\Windows\System32\combase.dll
0x00007ffd48b30000 - 0x00007ffd48c07000 	C:\Windows\System32\OLEAUT32.dll
0x00007ffd200f0000 - 0x00007ffd20122000 	C:\Windows\SYSTEM32\dbgcore.DLL
0x00007ffd47570000 - 0x00007ffd475e9000 	C:\Windows\System32\bcryptPrimitives.dll
0x00007ffd41eb0000 - 0x00007ffd41ed5000 	C:\Program Files\Android\Android Studio\jbr\bin\java.dll
0x00007ffd42b70000 - 0x00007ffd42b88000 	C:\Program Files\Android\Android Studio\jbr\bin\zip.dll
0x00007ffd492f0000 - 0x00007ffd49b4c000 	C:\Windows\System32\SHELL32.dll
0x00007ffd454d0000 - 0x00007ffd45dc9000 	C:\Windows\SYSTEM32\windows.storage.dll
0x00007ffd45390000 - 0x00007ffd454ce000 	C:\Windows\SYSTEM32\wintypes.dll
0x00007ffd4a060000 - 0x00007ffd4a153000 	C:\Windows\System32\SHCORE.dll
0x00007ffd480a0000 - 0x00007ffd480fe000 	C:\Windows\System32\shlwapi.dll
0x00007ffd474a0000 - 0x00007ffd474c1000 	C:\Windows\SYSTEM32\profapi.dll
0x00007ffd3ebe0000 - 0x00007ffd3ebf9000 	C:\Program Files\Android\Android Studio\jbr\bin\net.dll
0x00007ffd41a20000 - 0x00007ffd41b56000 	C:\Windows\SYSTEM32\WINHTTP.dll
0x00007ffd46a20000 - 0x00007ffd46a89000 	C:\Windows\system32\mswsock.dll
0x00007ffd3ebc0000 - 0x00007ffd3ebd6000 	C:\Program Files\Android\Android Studio\jbr\bin\nio.dll
0x00007ffd42230000 - 0x00007ffd42240000 	C:\Program Files\Android\Android Studio\jbr\bin\verify.dll

dbghelp: loaded successfully - version: 4.0.5 - missing functions: none
symbol engine: initialized successfully - sym options: 0x614 - pdb path: .;C:\Program Files\Android\Android Studio\jbr\bin;C:\Windows\SYSTEM32;C:\Windows\WinSxS\amd64_microsoft.windows.common-controls_6595b64144ccf1df_6.0.22621.3235_none_270f74e173860f98;C:\Program Files\Android\Android Studio\jbr\bin\server

VM Arguments:
java_command: git4idea.http.GitAskPassApp Password for 'https://github.com': 
java_class_path (initial): C:/Program Files/Android/Android Studio/plugins/vcs-git/lib/git4idea-rt.jar;C:/Program Files/Android/Android Studio/lib/externalProcess-rt.jar;C:/Program Files/Android/Android Studio/lib/app.jar;C:/Program Files/Android/Android Studio/lib/3rd-party-rt.jar
Launcher Type: SUN_STANDARD

[Global flags]
     intx CICompilerCount                          = 4                                         {product} {ergonomic}
     uint ConcGCThreads                            = 2                                         {product} {ergonomic}
     uint G1ConcRefinementThreads                  = 8                                         {product} {ergonomic}
   size_t G1HeapRegionSize                         = 2097152                                   {product} {ergonomic}
    uintx GCDrainStackTargetSize                   = 64                                        {product} {ergonomic}
   size_t InitialHeapSize                          = 266338304                                 {product} {ergonomic}
   size_t MarkStackSize                            = 4194304                                   {product} {ergonomic}
   size_t MaxHeapSize                              = 4253024256                                {product} {ergonomic}
   size_t MaxNewSize                               = 2550136832                                {product} {ergonomic}
   size_t MinHeapDeltaBytes                        = 2097152                                   {product} {ergonomic}
   size_t MinHeapSize                              = 8388608                                   {product} {ergonomic}
    uintx NonNMethodCodeHeapSize                   = 5839372                                {pd product} {ergonomic}
    uintx NonProfiledCodeHeapSize                  = 122909434                              {pd product} {ergonomic}
    uintx ProfiledCodeHeapSize                     = 122909434                              {pd product} {ergonomic}
    uintx ReservedCodeCacheSize                    = 251658240                              {pd product} {ergonomic}
     bool SegmentedCodeCache                       = true                                      {product} {ergonomic}
   size_t SoftMaxHeapSize                          = 4253024256                             {manageable} {ergonomic}
     bool UseCompressedClassPointers               = true                           {product lp64_product} {ergonomic}
     bool UseCompressedOops                        = true                           {product lp64_product} {ergonomic}
     bool UseG1GC                                  = true                                      {product} {ergonomic}
     bool UseLargePagesIndividualAllocation        = false                                  {pd product} {ergonomic}

Logging:
Log output configuration:
 #0: stdout all=warning uptime,level,tags
 #1: stderr all=off uptime,level,tags

Environment Variables:
JAVA_HOME=C:\Program Files\Java\jdk-19
PATH=C:\Program Files\Git\mingw64\libexec\git-core;C:\Program Files\Git\mingw64\libexec\git-core;C:\Program Files\Git\mingw64\bin;C:\Program Files\Git\usr\bin;C:\Users\Honor\bin;C:\Program Files\Common Files\Oracle\Java\javapath;C:\Windows\system32;C:\Windows;C:\Windows\System32\Wbem;C:\Windows\System32\WindowsPowerShell\v1.0;C:\Windows\System32\OpenSSH;C:\Program Files\Java\jdk-19\bin;C:\Program Files\Java\jdk-19\bin;C:\Program Files\Git\cmd;C:\Program Files\PuTTY;C:\Users\Honor\AppData\Local\Microsoft\WindowsApps;C:\Program Files\JetBrains\IntelliJ IDEA Community Edition 2023.2.4\bin
USERNAME=Honor
DISPLAY=:0.0
LC_ALL=en_US.UTF-8
TERM=xterm-256color
TMPDIR=C:\Users\Honor\AppData\Local\Temp
OS=Windows_NT
PROCESSOR_IDENTIFIER=Intel64 Family 6 Model 142 Stepping 12, GenuineIntel
TMP=C:\Users\Honor\AppData\Local\Temp
TEMP=C:\Users\Honor\AppData\Local\Temp


JNI global refs:
JNI global refs: 9, weak refs: 0

JNI global refs memory usage: 843, weak refs: 209


---------------  S Y S T E M  ---------------

OS:
 Windows 11 , 64 bit Build 22621 (10.0.22621.3374)
OS uptime: 3 days 1:51 hours

CPU: total 8 (initial active 8) (4 cores per cpu, 2 threads per core) family 6 model 142 stepping 12 microcode 0xde, cx8, cmov, fxsr, ht, mmx, 3dnowpref, sse, sse2, sse3, ssse3, sse4.1, sse4.2, popcnt, lzcnt, tsc, tscinvbit, avx, avx2, aes, erms, clmul, bmi1, bmi2, adx, fma, vzeroupper, clflush, clflushopt

Memory: 4k page, system-wide physical 16217M (317M free)
TotalPageFile size 22217M (AvailPageFile size 1M)
current process WorkingSet (physical memory assigned to process): 55M, peak: 55M
current process commit charge ("private bytes"): 342M, peak: 342M

vm_info: OpenJDK 64-Bit Server VM (17.0.6+0-b2043.56-10027231) for windows-amd64 JRE (17.0.6+0-b2043.56-10027231), built on Apr 28 2023 00:43:19 by "androidbuild" with MS VC++ 16.10 / 16.11 (VS2019)

END.
